2026-04-22 07:26:00,288 | INFO | Login success user_id=1 role=accountant
2026-04-22 07:26:01,993 | INFO | Login success user_id=1 role=sales
2026-04-22 07:26:03,551 | INFO | Login success user_id=1 role=accountant
2026-04-22 07:26:05,089 | INFO | Login success user_id=1 role=accountant
2026-04-22 07:26:06,652 | INFO | Login success user_id=1 role=accountant
2026-04-22 07:26:06,739 | INFO | Expense recorded id=1 accountant_id=1
2026-04-22 07:26:08,159 | INFO | Login success user_id=1 role=accountant
2026-04-22 07:26:08,227 | INFO | Accountant export kind='daily_sales' user_id=1
2026-04-22 07:26:09,751 | INFO | Login success user_id=1 role=sales
2026-04-22 07:26:11,726 | WARNING | Blocked admin login on shared portal username='admin'
2026-04-22 07:26:13,851 | INFO | Admin login success user_id=1
2026-04-22 07:26:16,215 | INFO | Non-admin attempted admin portal login username='sales1' role='sales'
2026-04-22 07:26:18,021 | INFO | Login success user_id=1 role=sales
2026-04-22 07:26:21,673 | INFO | User registration pending admin approval username='newsales' role=sales
2026-04-22 07:26:22,200 | INFO | Pending account login attempt username='newsales'
2026-04-22 07:26:22,720 | INFO | Admin login success user_id=1
2026-04-22 07:26:22,789 | INFO | User status changed by admin admin_id=1 user_id=2 status=active
2026-04-22 07:26:23,277 | INFO | Login success user_id=2 role=sales
2026-04-22 07:26:24,860 | INFO | Admin login success user_id=1
2026-04-22 07:26:25,441 | INFO | User created by admin admin_id=1 new_user_id=2 role=accountant username='acct1'
2026-04-22 07:26:27,199 | INFO | Login success user_id=1 role=sales
2026-04-22 07:26:27,329 | INFO | Fuel record created record_id=1 submitted_by=1
2026-04-22 07:26:29,415 | INFO | Login success user_id=1 role=sales
2026-04-22 07:26:29,473 | INFO | Fuel record created record_id=1 submitted_by=1
2026-04-22 07:26:29,476 | INFO | User logout user_id=1
2026-04-22 07:26:30,003 | INFO | Login success user_id=2 role=manager
2026-04-22 07:26:30,055 | INFO | Fuel record reviewed record_id=1 status=approved reviewed_by=2
2026-04-22 07:26:31,511 | INFO | Login success user_id=1 role=sales
2026-04-22 07:26:31,569 | INFO | Fuel record created record_id=1 submitted_by=1
2026-04-22 07:26:31,575 | WARNING | Forbidden: role='sales' required=['manager'] user_id=1 path=/api/fuel/records/1/review
2026-04-22 07:26:33,541 | INFO | Login success user_id=1 role=sales
2026-04-22 07:26:33,607 | INFO | Fuel record created record_id=1 submitted_by=1
2026-04-22 07:26:33,610 | INFO | User logout user_id=1
2026-04-22 07:26:34,217 | INFO | Login success user_id=2 role=manager
2026-04-22 07:26:36,046 | INFO | Login success user_id=1 role=sales
2026-04-22 07:26:36,092 | INFO | Fuel sale recorded sale_id=1 salesperson_id=1 fuel_type='Petrol' quantity=10.5 list_price=2.5
2026-04-22 07:26:37,835 | INFO | Login success user_id=1 role=manager
2026-04-22 07:26:39,297 | INFO | Login success user_id=1 role=sales
2026-04-22 07:26:40,837 | INFO | Login success user_id=1 role=sales
2026-04-22 07:26:40,878 | INFO | Fuel sale recorded sale_id=1 salesperson_id=1 fuel_type='Petrol' quantity=10.5 list_price=9.99
2026-04-22 07:26:42,479 | INFO | Login success user_id=1 role=sales
2026-04-22 07:26:42,539 | WARNING | Unauthorized admin area access attempt user_id=1 role=sales path=/admin/retail_prices
2026-04-22 07:26:44,512 | INFO | Admin login success user_id=1
2026-04-22 07:26:44,601 | INFO | Admin updated retail selling prices admin_id=1 fuels=['Diesel', 'Petrol']
2026-04-22 07:26:44,604 | INFO | User logout user_id=1
2026-04-22 07:26:45,122 | INFO | Login success user_id=2 role=sales
2026-04-22 07:26:45,207 | INFO | Fuel sale recorded sale_id=1 salesperson_id=2 fuel_type='Petrol' quantity=2.0 list_price=4.0
2026-04-22 07:26:46,911 | INFO | Login success user_id=1 role=manager
2026-04-22 07:26:48,869 | INFO | Login success user_id=1 role=manager
2026-04-22 07:26:50,409 | INFO | Login success user_id=1 role=manager
2026-04-22 07:26:52,574 | INFO | Login success user_id=1 role=sales
2026-04-22 07:26:52,633 | INFO | Fuel record created record_id=1 submitted_by=1
2026-04-22 07:26:52,636 | INFO | User logout user_id=1
2026-04-22 07:26:53,107 | INFO | Login success user_id=2 role=manager
2026-04-22 07:26:53,217 | INFO | Manager approved operational request request_id=1 manager_id=2
2026-04-22 07:26:53,671 | INFO | Login success user_id=1 role=sales
2026-04-22 07:26:55,639 | INFO | Failed staff login attempt username='sales1'
2026-04-22 07:26:56,123 | INFO | Failed staff login attempt username='sales1'
2026-04-22 07:26:56,588 | INFO | Failed staff login attempt username='sales1'
2026-04-22 07:26:57,068 | INFO | Failed staff login attempt username='sales1'
2026-04-22 07:26:57,611 | INFO | Failed staff login attempt username='sales1'
2026-04-22 07:26:57,635 | WARNING | Locked staff login attempt username='sales1'
2026-04-22 07:27:05,124 | INFO | Login success user_id=1 role=manager
2026-04-22 07:27:06,686 | INFO | Admin login success user_id=1
2026-04-22 07:27:08,376 | WARNING | CSRF validation failed path=/admin/login reason=The CSRF token is missing.
2026-04-22 07:35:47,712 | INFO | Login success user_id=1 role=accountant
2026-04-22 07:35:49,314 | INFO | Login success user_id=1 role=sales
2026-04-22 07:35:51,530 | INFO | Login success user_id=1 role=accountant
2026-04-22 07:35:53,856 | INFO | Login success user_id=1 role=accountant
2026-04-22 07:35:55,564 | INFO | Login success user_id=1 role=accountant
2026-04-22 07:35:55,835 | INFO | Expense recorded id=1 accountant_id=1
2026-04-22 07:35:57,360 | INFO | Login success user_id=1 role=accountant
2026-04-22 07:35:57,695 | INFO | Accountant export kind='daily_sales' user_id=1
2026-04-22 07:35:59,626 | INFO | Login success user_id=1 role=sales
2026-04-22 07:36:00,996 | WARNING | Blocked admin login on shared portal username='admin'
2026-04-22 07:36:03,068 | INFO | Admin login success user_id=1
2026-04-22 07:36:04,641 | INFO | Non-admin attempted admin portal login username='sales1' role='sales'
2026-04-22 07:36:06,438 | INFO | Login success user_id=1 role=sales
2026-04-22 07:36:10,641 | INFO | User registration pending admin approval username='newsales' role=sales
2026-04-22 07:36:11,223 | INFO | Pending account login attempt username='newsales'
2026-04-22 07:36:11,672 | INFO | Admin login success user_id=1
2026-04-22 07:36:11,830 | INFO | User status changed by admin admin_id=1 user_id=2 status=active
2026-04-22 07:36:12,266 | INFO | Login success user_id=2 role=sales
2026-04-22 07:36:14,359 | INFO | Admin login success user_id=1
2026-04-22 07:36:15,101 | INFO | User created by admin admin_id=1 new_user_id=2 role=accountant username='acct1'
2026-04-22 07:36:16,791 | INFO | Login success user_id=1 role=sales
2026-04-22 07:36:17,077 | INFO | Fuel record created record_id=1 submitted_by=1
2026-04-22 07:36:19,619 | INFO | Login success user_id=1 role=sales
2026-04-22 07:36:19,889 | INFO | Fuel record created record_id=1 submitted_by=1
2026-04-22 07:36:19,891 | INFO | User logout user_id=1
2026-04-22 07:36:20,368 | INFO | Login success user_id=2 role=manager
2026-04-22 07:36:20,755 | INFO | Fuel record reviewed record_id=1 status=approved reviewed_by=2
2026-04-22 07:36:22,402 | INFO | Login success user_id=1 role=sales
2026-04-22 07:36:22,640 | INFO | Fuel record created record_id=1 submitted_by=1
2026-04-22 07:36:22,647 | WARNING | Forbidden: role='sales' required=['manager'] user_id=1 path=/api/fuel/records/1/review
2026-04-22 07:36:25,167 | INFO | Login success user_id=1 role=sales
2026-04-22 07:36:25,388 | INFO | Fuel record created record_id=1 submitted_by=1
2026-04-22 07:36:25,390 | INFO | User logout user_id=1
2026-04-22 07:36:25,841 | INFO | Login success user_id=2 role=manager
2026-04-22 07:36:27,556 | INFO | Login success user_id=1 role=sales
2026-04-22 07:36:27,772 | INFO | Fuel sale recorded sale_id=1 salesperson_id=1 fuel_type='Petrol' quantity=10.5 list_price=2.5
2026-04-22 07:36:29,404 | INFO | Login success user_id=1 role=manager
2026-04-22 07:36:31,403 | INFO | Login success user_id=1 role=sales
2026-04-22 07:36:33,369 | INFO | Login success user_id=1 role=sales
2026-04-22 07:36:33,461 | INFO | Fuel sale recorded sale_id=1 salesperson_id=1 fuel_type='Petrol' quantity=10.5 list_price=9.99
2026-04-22 07:36:35,416 | INFO | Login success user_id=1 role=sales
2026-04-22 07:36:35,512 | WARNING | Unauthorized admin area access attempt user_id=1 role=sales path=/admin/retail_prices
2026-04-22 07:36:38,097 | INFO | Admin login success user_id=1
2026-04-22 07:36:38,297 | INFO | Admin updated retail selling prices admin_id=1 fuels=['Diesel', 'Petrol']
2026-04-22 07:36:38,301 | INFO | User logout user_id=1
2026-04-22 07:36:38,793 | INFO | Login success user_id=2 role=sales
2026-04-22 07:36:39,012 | INFO | Fuel sale recorded sale_id=1 salesperson_id=2 fuel_type='Petrol' quantity=2.0 list_price=4.0
2026-04-22 07:36:40,976 | INFO | Login success user_id=1 role=manager
2026-04-22 07:36:42,921 | INFO | Login success user_id=1 role=manager
2026-04-22 07:36:44,808 | INFO | Login success user_id=1 role=manager
2026-04-22 07:36:47,460 | INFO | Login success user_id=1 role=sales
2026-04-22 07:36:47,719 | INFO | Fuel record created record_id=1 submitted_by=1
2026-04-22 07:36:47,721 | INFO | User logout user_id=1
2026-04-22 07:36:48,252 | INFO | Login success user_id=2 role=manager
2026-04-22 07:36:48,570 | INFO | Manager approved operational request request_id=1 manager_id=2
2026-04-22 07:36:49,078 | INFO | Login success user_id=1 role=sales
2026-04-22 07:36:51,593 | INFO | Failed staff login attempt username='sales1'
2026-04-22 07:36:52,088 | INFO | Failed staff login attempt username='sales1'
2026-04-22 07:36:52,666 | INFO | Failed staff login attempt username='sales1'
2026-04-22 07:36:53,192 | INFO | Failed staff login attempt username='sales1'
2026-04-22 07:36:53,647 | INFO | Failed staff login attempt username='sales1'
2026-04-22 07:36:53,670 | WARNING | Locked staff login attempt username='sales1'
2026-04-22 07:37:01,020 | INFO | Login success user_id=1 role=manager
2026-04-22 07:37:02,522 | INFO | Admin login success user_id=1
2026-04-22 07:37:04,040 | WARNING | CSRF validation failed path=/admin/login reason=The CSRF token is missing.
2026-04-22 08:03:13,827 | INFO | System admin account initialized username='admin'.
2026-04-22 08:04:22,959 | INFO | Admin login success user_id=1
2026-04-22 08:04:41,395 | INFO | User logout user_id=1
2026-04-22 08:04:50,098 | INFO | Failed staff login attempt username='blaze-_-fire'
2026-04-22 08:07:44,328 | INFO | Login success user_id=1 role=accountant
2026-04-22 08:07:45,999 | INFO | Login success user_id=1 role=sales
2026-04-22 08:07:48,199 | INFO | Login success user_id=1 role=accountant
2026-04-22 08:07:50,276 | INFO | Login success user_id=1 role=accountant
2026-04-22 08:07:52,409 | INFO | Login success user_id=1 role=accountant
2026-04-22 08:07:52,512 | INFO | Expense recorded id=1 accountant_id=1
2026-04-22 08:07:54,251 | INFO | Login success user_id=1 role=accountant
2026-04-22 08:07:54,385 | INFO | Accountant export kind='daily_sales' user_id=1
2026-04-22 08:07:56,642 | INFO | Login success user_id=1 role=sales
2026-04-22 08:07:58,869 | WARNING | Blocked admin login on shared portal username='admin'
2026-04-22 08:08:01,065 | INFO | Admin login success user_id=1
2026-04-22 08:08:03,885 | INFO | Non-admin attempted admin portal login username='sales1' role='sales'
2026-04-22 08:08:06,034 | INFO | Login success user_id=1 role=sales
2026-04-22 08:08:10,847 | INFO | User registration pending admin approval username='newsales' role=sales
2026-04-22 08:08:11,406 | INFO | Pending account login attempt username='newsales'
2026-04-22 08:08:12,129 | INFO | Admin login success user_id=1
2026-04-22 08:08:12,311 | INFO | User status changed by admin admin_id=1 user_id=2 status=active
2026-04-22 08:08:12,801 | INFO | Login success user_id=2 role=sales
2026-04-22 08:08:14,447 | INFO | Admin login success user_id=1
2026-04-22 08:08:15,143 | INFO | User created by admin admin_id=1 new_user_id=2 role=accountant username='acct1'
2026-04-22 08:08:16,832 | INFO | Login success user_id=1 role=sales
2026-04-22 08:08:16,926 | INFO | Fuel record created record_id=1 submitted_by=1
2026-04-22 08:08:19,299 | INFO | Login success user_id=1 role=sales
2026-04-22 08:08:19,363 | INFO | Fuel record created record_id=1 submitted_by=1
2026-04-22 08:08:19,367 | INFO | User logout user_id=1
2026-04-22 08:08:19,898 | INFO | Login success user_id=2 role=manager
2026-04-22 08:08:19,962 | INFO | Fuel record reviewed record_id=1 status=approved reviewed_by=2
2026-04-22 08:08:22,185 | INFO | Login success user_id=1 role=sales
2026-04-22 08:08:22,267 | INFO | Fuel record created record_id=1 submitted_by=1
2026-04-22 08:08:22,279 | WARNING | Forbidden: role='sales' required=['manager'] user_id=1 path=/api/fuel/records/1/review
2026-04-22 08:08:25,084 | INFO | Login success user_id=1 role=sales
2026-04-22 08:08:25,147 | INFO | Fuel record created record_id=1 submitted_by=1
2026-04-22 08:08:25,150 | INFO | User logout user_id=1
2026-04-22 08:08:25,763 | INFO | Login success user_id=2 role=manager
2026-04-22 08:08:27,625 | INFO | Login success user_id=1 role=sales
2026-04-22 08:08:27,917 | INFO | Fuel sale recorded sale_id=1 salesperson_id=1 fuel_type='Petrol' quantity=10.5 list_price=2.5
2026-04-22 08:08:30,411 | INFO | Login success user_id=1 role=manager
2026-04-22 08:08:33,279 | INFO | Login success user_id=1 role=sales
2026-04-22 08:08:35,566 | INFO | Login success user_id=1 role=sales
2026-04-22 08:08:35,619 | INFO | Fuel sale recorded sale_id=1 salesperson_id=1 fuel_type='Petrol' quantity=10.5 list_price=9.99
2026-04-22 08:08:37,353 | INFO | Login success user_id=1 role=sales
2026-04-22 08:08:37,443 | WARNING | Unauthorized admin area access attempt user_id=1 role=sales path=/admin/retail_prices
2026-04-22 08:08:39,679 | INFO | Admin login success user_id=1
2026-04-22 08:08:39,776 | INFO | Admin updated retail selling prices admin_id=1 fuels=['Diesel', 'Petrol']
2026-04-22 08:08:39,780 | INFO | User logout user_id=1
2026-04-22 08:08:40,285 | INFO | Login success user_id=2 role=sales
2026-04-22 08:08:40,368 | INFO | Fuel sale recorded sale_id=1 salesperson_id=2 fuel_type='Petrol' quantity=2.0 list_price=4.0
2026-04-22 08:08:42,167 | INFO | Login success user_id=1 role=manager
2026-04-22 08:08:44,732 | INFO | Login success user_id=1 role=manager
2026-04-22 08:08:46,344 | INFO | Login success user_id=1 role=manager
2026-04-22 08:08:49,101 | INFO | Login success user_id=1 role=sales
2026-04-22 08:08:49,167 | INFO | Fuel record created record_id=1 submitted_by=1
2026-04-22 08:08:49,169 | INFO | User logout user_id=1
2026-04-22 08:08:49,895 | INFO | Login success user_id=2 role=manager
2026-04-22 08:08:50,059 | INFO | Manager approved operational request request_id=1 manager_id=2
2026-04-22 08:08:50,701 | INFO | Login success user_id=1 role=sales
2026-04-22 08:08:53,648 | INFO | Failed staff login attempt username='sales1'
2026-04-22 08:08:55,454 | INFO | Failed staff login attempt username='sales1'
2026-04-22 08:08:56,316 | INFO | Failed staff login attempt username='sales1'
2026-04-22 08:08:57,016 | INFO | Failed staff login attempt username='sales1'
2026-04-22 08:08:57,633 | INFO | Failed staff login attempt username='sales1'
2026-04-22 08:08:57,660 | WARNING | Locked staff login attempt username='sales1'
2026-04-22 08:09:06,700 | INFO | Login success user_id=1 role=manager
2026-04-22 08:09:08,343 | INFO | Admin login success user_id=1
2026-04-22 08:09:10,014 | WARNING | CSRF validation failed path=/admin/login reason=The CSRF token is missing.
2026-04-22 08:11:43,748 | INFO | Admin login success user_id=3
2026-04-22 08:11:59,296 | INFO | User logout user_id=3
2026-04-22 08:12:07,584 | INFO | Login success user_id=4 role=accountant
2026-04-22 08:12:44,466 | WARNING | CSRF validation failed path=/login/manager reason=The CSRF tokens do not match.
2026-04-22 08:12:49,675 | INFO | User logout user_id=4
2026-04-22 08:12:59,927 | INFO | Login success user_id=6 role=manager
2026-04-22 08:13:26,796 | INFO | User logout user_id=6
2026-04-22 08:13:31,658 | INFO | Login success user_id=5 role=sales
2026-04-22 15:04:25,960 | INFO | Login success user_id=5 role=sales
2026-04-22 15:05:10,151 | INFO | Fuel sale recorded sale_id=3 salesperson_id=5 fuel_type='Petrol' quantity=10.0 list_price=27.15
2026-04-22 15:05:57,657 | INFO | User logout user_id=5
2026-04-22 15:06:06,814 | INFO | Login success user_id=6 role=manager
2026-04-22 15:07:01,229 | INFO | Admin login success user_id=3
2026-04-22 15:09:40,511 | INFO | User status changed by admin admin_id=3 user_id=5 status=inactive
2026-04-22 15:09:56,226 | INFO | User status changed by admin admin_id=3 user_id=5 status=active
2026-04-22 15:10:07,266 | INFO | User status changed by admin admin_id=3 user_id=5 status=inactive
2026-04-22 15:10:48,797 | WARNING | CSRF validation failed path=/logout reason=The CSRF tokens do not match.
2026-04-22 15:10:52,886 | INFO | User logout user_id=3
2026-04-22 15:11:00,283 | INFO | Disabled account login attempt username='jeff-_-simz'
2026-04-22 15:11:14,179 | WARNING | CSRF validation failed path=/admin/users/5/toggle_status reason=The CSRF tokens do not match.
2026-04-22 15:12:05,582 | INFO | Admin login success user_id=3
2026-04-22 15:12:13,587 | INFO | User status changed by admin admin_id=3 user_id=5 status=active
